<?xml version="1.0" encoding="UTF-8"?>
<!-- Generated by org.testng.reporters.JUnitReportReporter -->
<testsuite skipped="0" hostname="Mithun-HomePC" name="com.tests.MavenTestClass" tests="4" failures="0" timestamp="2021-11-02T12:15:56 IST" time="0.011" errors="0">
  <testcase name="sum" time="0.001" classname="com.tests.MavenTestClass"/>
  <system-out/>
  <testcase name="div" time="0.009" classname="com.tests.MavenTestClass"/>
  <system-out/>
  <testcase name="mul" time="0.000" classname="com.tests.MavenTestClass"/>
  <system-out/>
  <testcase name="sub" time="0.001" classname="com.tests.MavenTestClass"/>
  <system-out/>
</testsuite> <!-- com.tests.MavenTestClass -->
