<?xml version="1.0" encoding="UTF-8"?>
<!-- Generated by org.testng.reporters.JUnitReportReporter -->
<testsuite skipped="0" hostname="Mithun-HomePC" name="com.test.AirIndia" tests="3" failures="0" timestamp="2021-07-27T14:09:07 IST" time="63.889" errors="0">
  <testcase name="RegPage" time="22.850" classname="com.test.AirIndia"/>
  <system-out/>
  <testcase name="RegPage" time="21.368" classname="com.test.AirIndia"/>
  <system-out/>
  <testcase name="RegPage" time="19.671" classname="com.test.AirIndia"/>
  <system-out/>
</testsuite> <!-- com.test.AirIndia -->
