<?xml version="1.0" encoding="UTF-8"?>
<!-- Generated by org.testng.reporters.JUnitReportReporter -->
<testsuite skipped="0" hostname="Mithun-HomePC" name="com.test.PageTest" tests="1" failures="0" timestamp="2021-07-08T15:41:36 IST" time="8.162" errors="0">
  <testcase name="test1" time="8.162" classname="com.test.PageTest"/>
  <system-out/>
</testsuite> <!-- com.test.PageTest -->
